1551596303576	mozrunner::runner	INFO	Running command: "/Applications/Firefox.app/Contents/MacOS/firefox-bin" "-marionette" "-foreground" "-no-remote" "-profile" "/var/folders/kl/2dndwqrj0d97q1zh656wkh2r0000gn/T/rust_mozprofile.3HO01rGzGa7h"
1551596304303	addons.webextension.screenshots@mozilla.org	WARN	Loading extension 'screenshots@mozilla.org': Reading manifest: Invalid host permission: resource://pdf.js/
1551596304303	addons.webextension.screenshots@mozilla.org	WARN	Loading extension 'screenshots@mozilla.org': Reading manifest: Invalid host permission: about:reader*
Can't find symbol 'GetGraphicsResetStatus'.
1551596306121	Marionette	INFO	Listening on port 52307
1551596306161	Marionette	WARN	TLS certificate errors will be ignored for this session
1551596312073	Marionette	INFO	Stopped listening on port 52307
1551596313679	mozrunner::runner	INFO	Running command: "/Applications/Firefox.app/Contents/MacOS/firefox-bin" "-marionette" "-foreground" "-no-remote" "-profile" "/var/folders/kl/2dndwqrj0d97q1zh656wkh2r0000gn/T/rust_mozprofile.y2vvpSrA3Gd4"
1551596314415	addons.webextension.screenshots@mozilla.org	WARN	Loading extension 'screenshots@mozilla.org': Reading manifest: Invalid host permission: resource://pdf.js/
1551596314415	addons.webextension.screenshots@mozilla.org	WARN	Loading extension 'screenshots@mozilla.org': Reading manifest: Invalid host permission: about:reader*
Can't find symbol 'GetGraphicsResetStatus'.
1551596316186	Marionette	INFO	Listening on port 52405
1551596316259	Marionette	WARN	TLS certificate errors will be ignored for this session
1551596324006	Marionette	WARN	TimedPromise timed out after 500 ms: stacktrace:
bail@chrome://marionette/content/sync.js:196:64
1551596328535	Marionette	WARN	TimedPromise timed out after 500 ms: stacktrace:
bail@chrome://marionette/content/sync.js:196:64
1551596332389	Marionette	INFO	Stopped listening on port 52405
1551596333962	mozrunner::runner	INFO	Running command: "/Applications/Firefox.app/Contents/MacOS/firefox-bin" "-marionette" "-foreground" "-no-remote" "-profile" "/var/folders/kl/2dndwqrj0d97q1zh656wkh2r0000gn/T/rust_mozprofile.EVYdLGI2yykL"
1551596334585	addons.webextension.screenshots@mozilla.org	WARN	Loading extension 'screenshots@mozilla.org': Reading manifest: Invalid host permission: resource://pdf.js/
1551596334585	addons.webextension.screenshots@mozilla.org	WARN	Loading extension 'screenshots@mozilla.org': Reading manifest: Invalid host permission: about:reader*
Can't find symbol 'GetGraphicsResetStatus'.
1551596336375	Marionette	INFO	Listening on port 52543
1551596336423	Marionette	WARN	TLS certificate errors will be ignored for this session
1551596344710	Marionette	INFO	Stopped listening on port 52543
1551596346351	mozrunner::runner	INFO	Running command: "/Applications/Firefox.app/Contents/MacOS/firefox-bin" "-marionette" "-foreground" "-no-remote" "-profile" "/var/folders/kl/2dndwqrj0d97q1zh656wkh2r0000gn/T/rust_mozprofile.2E1rghmCOJyW"
1551596346982	addons.webextension.screenshots@mozilla.org	WARN	Loading extension 'screenshots@mozilla.org': Reading manifest: Invalid host permission: resource://pdf.js/
1551596346983	addons.webextension.screenshots@mozilla.org	WARN	Loading extension 'screenshots@mozilla.org': Reading manifest: Invalid host permission: about:reader*
Can't find symbol 'GetGraphicsResetStatus'.
1551596348763	Marionette	INFO	Listening on port 52651
1551596348824	Marionette	WARN	TLS certificate errors will be ignored for this session
1551596354574	Marionette	INFO	Stopped listening on port 52651
1551596356200	mozrunner::runner	INFO	Running command: "/Applications/Firefox.app/Contents/MacOS/firefox-bin" "-marionette" "-foreground" "-no-remote" "-profile" "/var/folders/kl/2dndwqrj0d97q1zh656wkh2r0000gn/T/rust_mozprofile.YaxJrrq2JsOh"
1551596356906	addons.webextension.screenshots@mozilla.org	WARN	Loading extension 'screenshots@mozilla.org': Reading manifest: Invalid host permission: resource://pdf.js/
1551596356907	addons.webextension.screenshots@mozilla.org	WARN	Loading extension 'screenshots@mozilla.org': Reading manifest: Invalid host permission: about:reader*
Can't find symbol 'GetGraphicsResetStatus'.
1551596358746	Marionette	INFO	Listening on port 52748
1551596358767	Marionette	WARN	TLS certificate errors will be ignored for this session
1551596364285	Marionette	INFO	Stopped listening on port 52748
1551596365894	mozrunner::runner	INFO	Running command: "/Applications/Firefox.app/Contents/MacOS/firefox-bin" "-marionette" "-foreground" "-no-remote" "-profile" "/var/folders/kl/2dndwqrj0d97q1zh656wkh2r0000gn/T/rust_mozprofile.l7mOrY5kgKHy"
1551596366521	addons.webextension.screenshots@mozilla.org	WARN	Loading extension 'screenshots@mozilla.org': Reading manifest: Invalid host permission: resource://pdf.js/
1551596366521	addons.webextension.screenshots@mozilla.org	WARN	Loading extension 'screenshots@mozilla.org': Reading manifest: Invalid host permission: about:reader*
Can't find symbol 'GetGraphicsResetStatus'.
1551596368327	Marionette	INFO	Listening on port 52841
1551596368359	Marionette	WARN	TLS certificate errors will be ignored for this session
1551596373654	Marionette	INFO	Stopped listening on port 52841
1551596463259	mozrunner::runner	INFO	Running command: "/Applications/Firefox.app/Contents/MacOS/firefox-bin" "-marionette" "-foreground" "-no-remote" "-profile" "/var/folders/kl/2dndwqrj0d97q1zh656wkh2r0000gn/T/rust_mozprofile.Yk5V1YnnnUba"
1551596464000	addons.webextension.screenshots@mozilla.org	WARN	Loading extension 'screenshots@mozilla.org': Reading manifest: Invalid host permission: resource://pdf.js/
1551596464000	addons.webextension.screenshots@mozilla.org	WARN	Loading extension 'screenshots@mozilla.org': Reading manifest: Invalid host permission: about:reader*
Can't find symbol 'GetGraphicsResetStatus'.
1551596466110	Marionette	INFO	Listening on port 53288
1551596466162	Marionette	WARN	TLS certificate errors will be ignored for this session
1551596472585	Marionette	INFO	Stopped listening on port 53288
1551596474215	mozrunner::runner	INFO	Running command: "/Applications/Firefox.app/Contents/MacOS/firefox-bin" "-marionette" "-foreground" "-no-remote" "-profile" "/var/folders/kl/2dndwqrj0d97q1zh656wkh2r0000gn/T/rust_mozprofile.SrIlZiwNIQFW"
1551596474903	addons.webextension.screenshots@mozilla.org	WARN	Loading extension 'screenshots@mozilla.org': Reading manifest: Invalid host permission: resource://pdf.js/
1551596474903	addons.webextension.screenshots@mozilla.org	WARN	Loading extension 'screenshots@mozilla.org': Reading manifest: Invalid host permission: about:reader*
Can't find symbol 'GetGraphicsResetStatus'.
1551596476676	Marionette	INFO	Listening on port 53393
1551596476687	Marionette	WARN	TLS certificate errors will be ignored for this session
1551596487966	Marionette	WARN	TimedPromise timed out after 500 ms: stacktrace:
bail@chrome://marionette/content/sync.js:196:64
1551596492185	Marionette	INFO	Stopped listening on port 53393
1551596493777	mozrunner::runner	INFO	Running command: "/Applications/Firefox.app/Contents/MacOS/firefox-bin" "-marionette" "-foreground" "-no-remote" "-profile" "/var/folders/kl/2dndwqrj0d97q1zh656wkh2r0000gn/T/rust_mozprofile.ZVzCaCM60b07"
1551596494562	addons.webextension.screenshots@mozilla.org	WARN	Loading extension 'screenshots@mozilla.org': Reading manifest: Invalid host permission: resource://pdf.js/
1551596494562	addons.webextension.screenshots@mozilla.org	WARN	Loading extension 'screenshots@mozilla.org': Reading manifest: Invalid host permission: about:reader*
Can't find symbol 'GetGraphicsResetStatus'.
1551596496874	Marionette	INFO	Listening on port 53530
1551596496956	Marionette	WARN	TLS certificate errors will be ignored for this session
1551596503067	Marionette	WARN	TimedPromise timed out after 500 ms: stacktrace:
bail@chrome://marionette/content/sync.js:196:64
1551596506164	Marionette	INFO	Stopped listening on port 53530
1551596507914	mozrunner::runner	INFO	Running command: "/Applications/Firefox.app/Contents/MacOS/firefox-bin" "-marionette" "-foreground" "-no-remote" "-profile" "/var/folders/kl/2dndwqrj0d97q1zh656wkh2r0000gn/T/rust_mozprofile.c9bOrKmWtt9b"
1551596508602	addons.webextension.screenshots@mozilla.org	WARN	Loading extension 'screenshots@mozilla.org': Reading manifest: Invalid host permission: resource://pdf.js/
1551596508602	addons.webextension.screenshots@mozilla.org	WARN	Loading extension 'screenshots@mozilla.org': Reading manifest: Invalid host permission: about:reader*
Can't find symbol 'GetGraphicsResetStatus'.
1551596510764	Marionette	INFO	Listening on port 53651
1551596510801	Marionette	WARN	TLS certificate errors will be ignored for this session
1551596517257	Marionette	INFO	Stopped listening on port 53651
1551596518877	mozrunner::runner	INFO	Running command: "/Applications/Firefox.app/Contents/MacOS/firefox-bin" "-marionette" "-foreground" "-no-remote" "-profile" "/var/folders/kl/2dndwqrj0d97q1zh656wkh2r0000gn/T/rust_mozprofile.d6tL4z69320b"
1551596519615	addons.webextension.screenshots@mozilla.org	WARN	Loading extension 'screenshots@mozilla.org': Reading manifest: Invalid host permission: resource://pdf.js/
1551596519615	addons.webextension.screenshots@mozilla.org	WARN	Loading extension 'screenshots@mozilla.org': Reading manifest: Invalid host permission: about:reader*
Can't find symbol 'GetGraphicsResetStatus'.
1551596521780	Marionette	INFO	Listening on port 53754
1551596521851	Marionette	WARN	TLS certificate errors will be ignored for this session
1551596529248	Marionette	INFO	Stopped listening on port 53754
1551596530918	mozrunner::runner	INFO	Running command: "/Applications/Firefox.app/Contents/MacOS/firefox-bin" "-marionette" "-foreground" "-no-remote" "-profile" "/var/folders/kl/2dndwqrj0d97q1zh656wkh2r0000gn/T/rust_mozprofile.URJ0tzQhjqoO"
1551596531738	addons.webextension.screenshots@mozilla.org	WARN	Loading extension 'screenshots@mozilla.org': Reading manifest: Invalid host permission: resource://pdf.js/
1551596531738	addons.webextension.screenshots@mozilla.org	WARN	Loading extension 'screenshots@mozilla.org': Reading manifest: Invalid host permission: about:reader*
Can't find symbol 'GetGraphicsResetStatus'.
1551596533711	Marionette	INFO	Listening on port 53862
1551596533800	Marionette	WARN	TLS certificate errors will be ignored for this session
1551596539231	Marionette	INFO	Stopped listening on port 53862
